<?xml version="1.0" encoding="UTF-8"?>
<!-- Generated by org.testng.reporters.JUnitReportReporter -->
<testsuite hostname="DESKTOP-4T9R7PN" failures="0" tests="1" name="com.qa.vendorStatement.runner.TestRunner" time="185.761" errors="0" timestamp="12 Nov 2020 14:37:04 GMT" skipped="0">
  <testcase classname="com.qa.vendorStatement.runner.TestRunner" name="feature" time="185.761"/>
</testsuite> <!-- com.qa.vendorStatement.runner.TestRunner -->
